#0 building with "desktop-linux" instance using docker driver

#1 [internal] load build definition from Dockerfile.exploit
#1 transferring dockerfile: 663B done
#1 DONE 0.0s

#2 [auth] library/ubuntu:pull token for registry-1.docker.io
#2 DONE 0.0s

#3 [internal] load metadata for docker.io/library/ubuntu:22.04
#3 DONE 1.7s

#4 [internal] load .dockerignore
#4 transferring context: 2B done
#4 DONE 0.0s

#5 [1/9] FROM docker.io/library/ubuntu:22.04@sha256:c7eb020043d8fc2ae0793fb35a37bff1cf33f156d4d4b12ccc7f3ef8706c38b1
#5 resolve docker.io/library/ubuntu:22.04@sha256:c7eb020043d8fc2ae0793fb35a37bff1cf33f156d4d4b12ccc7f3ef8706c38b1 0.0s done
#5 DONE 0.0s

#6 [internal] load build context
#6 transferring context: 13.64kB 0.0s done
#6 DONE 0.0s

#7 [6/9] COPY dist/emp-zk /chall/emp-zk
#7 CACHED

#8 [7/9] COPY dist/install.py /chall/install.py
#8 CACHED

#9 [3/9] WORKDIR /chall
#9 CACHED

#10 [4/9] COPY dist/emp-tool /chall/emp-tool
#10 CACHED

#11 [5/9] COPY dist/emp-ot /chall/emp-ot
#11 CACHED

#12 [8/9] COPY exploit/client.cpp /chall/emp-zk/test/arith/client.cpp
#12 CACHED

#13 [2/9] RUN apt-get update && apt-get install -yq     build-essential     cmake     libssl-dev     python3     && rm -rf /var/lib/apt/lists/*
#13 CACHED

#14 [9/9] RUN python3 install.py --deps --tool --ot --zk
#14 CACHED

#15 exporting to image
#15 exporting layers done
#15 exporting manifest sha256:bfa40f5a92fa96bddc10cdd05292d24b35aad4317bdb20c2a776da474bbd7a65 done
#15 exporting config sha256:87954dbe22163c6ce7543b857e27facb4ee6abb7e4cfcd8506e35e1fcc9a5302 done
#15 exporting attestation manifest sha256:ad075301f8412b73780a5167f2e377900a9e4f48daa5a54a8a10c417c25012bc 0.1s done
#15 exporting manifest list sha256:9db692c32c2b1034c9afbc827d5ef8055970d9c487e085733a5b745492cff5c9
#15 exporting manifest list sha256:9db692c32c2b1034c9afbc827d5ef8055970d9c487e085733a5b745492cff5c9 0.0s done
#15 naming to docker.io/library/exploit:latest done
#15 unpacking to docker.io/library/exploit:latest 0.0s done
#15 DONE 0.2s
